2024-05-29 12:23:11 insert into auditoria (fecha, usuario, centro, modulo, descripcion, idcli) values ('2024-05-29 12:23:10', 1, 1, 'Login Sistema', 'Ingreso al sistema', 0)
2024-05-29 12:23:29 delete from adm_fis where id=1810
2024-05-29 12:23:29 delete from adm_fis_det where idfis=1810
2024-05-29 12:23:29 update adm_crem set idfis=0 where idfis=1810
2024-05-29 12:23:30 insert into auditoria (fecha, usuario, centro, modulo, descripcion, idcli) values ('2024-05-29 12:23:29', 1, 1, 'Comprobantes', 'Elimina Comprobante: 1810 | F | A | 4 | 0', 142)
2024-05-29 12:23:57 insert into auditoria (fecha, usuario, centro, modulo, descripcion, idcli) values ('2024-05-29 12:23:57', 1, 1, 'Comprobantes', 'Ingresa Comprobante:  F A 4 0 142', 0)
2024-05-29 12:23:57 insert into adm_fis (centro, idcli, fecha, tipo, letra, ptovta, numero, tipopago, docreferencia, numerocae, idped, total, percepcioniibb, porcentajeiibb, netocf21, netocf10, netori21, netori10, ivacf21, ivacf10, ivari21, ivari10, nogravado) values (1, 142, '2024-05-29', 'F', 'A', 4, 0, 0, 0, '', 0, 276258.13, 0, 0.00, 0, 0, 228312.5, 0, 0, 0, 47945.63, 0, 0)
2024-05-29 12:23:57 update adm_fis set fechaperini='2024-05-01' where id=1811
2024-05-29 12:23:57 update adm_fis set fechaperfin='2024-05-31' where id=1811
2024-05-29 12:23:57 update adm_fis set fechapago='2024-05-29' where id=1811
2024-05-29 12:23:57 insert into adm_fis_det (centro, cantidad, detalle, precio, idfis, alicuota) values (1, 583.20, 'LENGUA - SERVICIO', 0.00000, 1811, 0)
2024-05-29 12:23:57 insert into adm_fis_det (centro, cantidad, detalle, precio, idfis, alicuota) values (1, 310.05, 'NUEZ DE QUIJADA- SERVICIO', 0.00000, 1811, 0)
2024-05-29 12:23:57 insert into adm_fis_det (centro, cantidad, detalle, precio, idfis, alicuota) values (1, 893.25, 'SERVICIO POR CONGELADO', 302.50000, 1811, 21)
2024-05-29 12:23:57 insert into adm_fis_det (centro, cantidad, detalle, precio, idfis, alicuota) values (1, 2.00, 'PALLET DE MADERA', 3025.00000, 1811, 21)
2024-05-29 12:23:57 update adm_crem set idfis=1811 where id=6254
2024-05-29 12:24:52 delete from adm_fis where id=1811
2024-05-29 12:24:52 delete from adm_fis_det where idfis=1811
2024-05-29 12:24:52 update adm_crem set idfis=0 where idfis=1811
2024-05-29 12:24:52 insert into auditoria (fecha, usuario, centro, modulo, descripcion, idcli) values ('2024-05-29 12:24:52', 1, 1, 'Comprobantes', 'Elimina Comprobante: 1811 | F | A | 4 | 0', 142)
2024-05-29 12:26:55 insert into auditoria (fecha, usuario, centro, modulo, descripcion, idcli) values ('2024-05-29 12:26:55', 1, 1, 'Comprobantes', 'Ingresa Comprobante:  F A 4 0 142', 0)
2024-05-29 12:26:55 insert into adm_fis (centro, idcli, fecha, tipo, letra, ptovta, numero, tipopago, docreferencia, numerocae, idped, total, percepcioniibb, porcentajeiibb, netocf21, netocf10, netori21, netori10, ivacf21, ivacf10, ivari21, ivari10, nogravado) values (1, 142, '2024-05-29', 'F', 'A', 4, 0, 0, 0, '', 0, 276258.13, 0, 0.00, 0, 0, 228312.5, 0, 0, 0, 47945.63, 0, 0)
2024-05-29 12:26:55 update adm_fis set fechaperini='2024-05-01' where id=1812
2024-05-29 12:26:55 update adm_fis set fechaperfin='2024-05-31' where id=1812
2024-05-29 12:26:55 update adm_fis set fechapago='2024-05-29' where id=1812
2024-05-29 12:26:55 insert into adm_fis_det (centro, cantidad, detalle, precio, idfis, alicuota) values (1, 583.20, 'LENGUA - SERVICIO', 0.00000, 1812, 0)
2024-05-29 12:26:55 insert into adm_fis_det (centro, cantidad, detalle, precio, idfis, alicuota) values (1, 310.05, 'NUEZ DE QUIJADA- SERVICIO', 0.00000, 1812, 0)
2024-05-29 12:26:55 insert into adm_fis_det (centro, cantidad, detalle, precio, idfis, alicuota) values (1, 893.25, 'SERVICIO POR CONGELADO', 302.50000, 1812, 21)
2024-05-29 12:26:55 insert into adm_fis_det (centro, cantidad, detalle, precio, idfis, alicuota) values (1, 2.00, 'PALLET DE MADERA', 3025.00000, 1812, 21)
2024-05-29 12:26:55 update adm_crem set idfis=1812 where id=6254
