2024-04-29 10:15:09 insert into auditoria (fecha, usuario, centro, modulo, descripcion, idcli) values ('2024-04-29 10:15:09', 1, 1, 'Login Sistema', 'Ingreso al sistema', 0)
2024-04-29 10:15:47 insert into auditoria (fecha, usuario, centro, modulo, descripcion, idcli) values ('2024-04-29 10:15:47', 1, 1, 'Login Sistema', 'Ingreso al sistema', 0)
2024-04-29 10:24:05 insert into auditoria (fecha, usuario, centro, modulo, descripcion, idcli) values ('2024-04-29 10:24:05', 1, 1, 'Login Sistema', 'Ingreso al sistema', 0)
2024-04-29 10:25:45 insert into auditoria (fecha, usuario, centro, modulo, descripcion, idcli) values ('2024-04-29 10:25:45', 1, 1, 'Descripcion', 'Modifica Descripcion: Administración', 0)
2024-04-29 10:25:45 update departamento set descripcion='Administración', hora1='08:00:00', hora2='12:00:00', hora3='15:00:00', hora4='18:30:00' where id=1
2024-04-29 10:50:52 insert into auditoria (fecha, usuario, centro, modulo, descripcion, idcli) values ('2024-04-29 10:50:52', 1, 1, 'Empleados', 'Ingresa Empleados: \[Acevedo]', 0)
2024-04-29 10:51:42 insert into auditoria (fecha, usuario, centro, modulo, descripcion, idcli) values ('2024-04-29 10:51:42', 1, 1, 'Empleados', 'Ingresa Empleados: \[Acevedo]', 0)
2024-04-29 10:51:42 insert into adm_empleados (centro, nombre, apellido, documento, fechaingreso, importe, iddep) values (1, 'Acevedo', 'Juan', 11223344, '2024-04-29', 0, 1)
2024-04-29 11:46:57 insert into auditoria (fecha, usuario, centro, modulo, descripcion, idcli) values ('2024-04-29 11:46:57', 1, 1, 'Horarios', 'Ingresa Horarios: 2 | 1', 0)
2024-04-29 11:46:57 insert into horarios (fecha, idemp, iddep) values ('2024-04-02T15:00', 2, 1)
2024-04-29 11:48:10 insert into auditoria (fecha, usuario, centro, modulo, descripcion, idcli) values ('2024-04-29 11:48:10', 1, 1, 'Horarios', 'Ingresa Horarios: 2 | ', 0)
2024-04-29 11:48:28 insert into auditoria (fecha, usuario, centro, modulo, descripcion, idcli) values ('2024-04-29 11:48:28', 1, 1, 'Horarios', 'Ingresa Horarios: 2 | 1', 0)
2024-04-29 11:48:28 insert into horarios (fecha, idemp, iddep) values ('2024-04-01T19:00', 2, 1)
2024-04-29 11:48:56 insert into auditoria (fecha, usuario, centro, modulo, descripcion, idcli) values ('2024-04-29 11:48:56', 1, 1, 'Horarios', 'Ingresa Horarios: 2 | 1', 0)
2024-04-29 11:48:56 insert into horarios (fecha, idemp, iddep) values ('2024-04-01T20:00', 2, 1)
2024-04-29 11:49:10 insert into auditoria (fecha, usuario, centro, modulo, descripcion, idcli) values ('2024-04-29 11:49:09', 1, 1, 'Horarios', 'Ingresa Horarios: 2 | 1', 0)
2024-04-29 11:49:10 insert into horarios (fecha, idemp, iddep) values ('2024-04-02T01:30', 2, 1)
2024-04-29 13:36:17 insert into auditoria (fecha, usuario, centro, modulo, descripcion, idcli) values ('2024-04-29 13:36:17', 1, 1, 'Login Sistema', 'Ingreso al sistema', 0)
2024-04-29 14:08:19 insert into auditoria (fecha, usuario, centro, modulo, descripcion, idcli) values ('2024-04-29 14:08:19', 1, 1, 'Login Sistema', 'Ingreso al sistema', 0)
2024-04-29 14:21:22 insert into auditoria (fecha, usuario, centro, modulo, descripcion, idcli) values ('2024-04-29 14:21:22', 1, 1, 'Login Sistema', 'Ingreso al sistema', 0)
2024-04-29 14:22:28 insert into auditoria (fecha, usuario, centro, modulo, descripcion, idcli) values ('2024-04-29 14:22:28', 1, 1, 'Login Sistema', 'Ingreso al sistema', 0)
2024-04-29 14:44:31 insert into auditoria (fecha, usuario, centro, modulo, descripcion, idcli) values ('2024-04-29 14:44:31', 1, 1, 'Horarios', 'Ingresa Horarios: 2 | 1', 0)
2024-04-29 14:44:31 insert into horarios (fecha, idemp, iddep) values ('2024-04-02T05:00', 2, 1)
2024-04-29 14:44:54 insert into auditoria (fecha, usuario, centro, modulo, descripcion, idcli) values ('2024-04-29 14:44:54', 1, 1, 'Horarios', 'Ingresa Horarios: 2 | 1', 0)
2024-04-29 14:44:54 insert into horarios (fecha, idemp, iddep) values ('2024-04-02T18:00', 2, 1)
2024-04-29 14:49:21 insert into auditoria (fecha, usuario, centro, modulo, descripcion, idcli) values ('2024-04-29 14:49:21', 1, 1, 'Horarios', 'Ingresa Horarios: 2 | 1', 0)
2024-04-29 14:49:21 insert into horarios (fecha, idemp, iddep) values ('2024-04-04T14:00', 2, 1)
2024-04-29 14:49:50 insert into auditoria (fecha, usuario, centro, modulo, descripcion, idcli) values ('2024-04-29 14:49:50', 1, 1, 'Horarios', 'Ingresa Horarios: 2 | ', 0)
2024-04-29 14:50:12 insert into auditoria (fecha, usuario, centro, modulo, descripcion, idcli) values ('2024-04-29 14:50:12', 1, 1, 'Horarios', 'Ingresa Horarios: 2 | ', 0)
2024-04-29 14:50:30 insert into auditoria (fecha, usuario, centro, modulo, descripcion, idcli) values ('2024-04-29 14:50:30', 1, 1, 'Horarios', 'Ingresa Horarios: 2 | 1', 0)
2024-04-29 14:50:30 insert into horarios (fecha, idemp, iddep) values ('2024-04-05T00:00', 2, 1)
